0 => ((1+2)+5)-8
1 => ((1+2)+5)/8
2 => ((1-2)-5)+8
3 => ((1-2)*5)+8
4 => ((-1+2)-5)+8
5 => ((1*2)-5)+8
6 => ((1+2)-5)+8
7 => ((1+2)*5)-8
8 => ((1-5)+8)*2
9 => (1+2)*(-5+8)
10 => ((-1-2)+5)+8
11 => ((1*-2)+5)+8
12 => ((1-2)+5)+8
13 => ((1-2)*-5)+8
14 => ((-1+2)+5)+8
15 => ((1*2)+5)+8
16 => ((1+2)+5)+8
17 => (-1+(2*5))+8
18 => ((1*2)*5)+8
19 => (1+(2*5))+8
20 => ((1/2)*5)*8
21 => ((1*2)*8)+5
22 => (1+(2*8))+5
23 => ((1+2)*5)+8
24 => ((1*2)-5)*-8
25 => 1-((2-5)*8)
26 => (1*2)*(5+8)
27 => 1+(2*(5+8))
28 => (1+(5/2))*8
29 => ((1+2)*8)+5
30 => ((1*2)-8)*-5
31 => 1-((2-8)*5)
32 => ((1-2)+5)*8
33 => ((1-8)*-5)-2
34 => ((1-5)*-8)+2
35 => ((1-2)+8)*5
36 => ((1/2)-5)*-8
37 => (-1-2)+(5*8)
38 => (1*-2)+(5*8)
39 => (1+2)*(5+8)
40 => ((1-2)*5)*-8
41 => (-1+2)+(5*8)
42 => (1*2)+(5*8)
43 => (1+2)+(5*8)
44 => ((1/2)+5)*8
45 => ((1-2)-8)*-5
46 => ((1+5)*8)-2
47 => ((1+8)*5)+2
48 => ((1-2)-5)*-8
49 => -1+((2+8)*5)
50 => ((1*2)+8)*5
51 => 1+((2+8)*5)
